000000                   	; ============================================================
000000                   	; PLAY3 - SHARP PC-E500 3声ブザー音楽ドライバ
000000                   	; Pocket Computer Journal 1993年掲載  作者: Ryu
000000                   	; 日本語コメント付きソース (play3_pushu.asm ベース)
000000                   	; ============================================================
000000                   		pre_on				; アセンブラ前処理ディレクティブ
000000                   	; --- システムエントリポイント ---
000000                   	fcs:		equ	0fffe4h		; ファイル制御システムエントリ
000000                   	iocs:		equ	0fffe8h		; 入出力制御システムエントリ
000000                   	; --- 割り込みベクタアドレス ---
000000                   	vect0:		equ	0bfcc6h		; 割り込みベクタ0
000000                   	vect1:		equ	0bfcc9h		; 割り込みベクタ1
000000                   	vect2:		equ	0bfccch		; 割り込みベクタ2
000000                   	vect3:		equ	0bfccfh		; 割り込みベクタ3
000000                   	vect4:		equ	0bfcd2h		; 割り込みベクタ4
000000                   	vect5:		equ	0bfcd5h		; 割り込みベクタ5
000000                   	vect6:		equ	0bfcd8h		; 割り込みベクタ6
000000                   	vect7:		equ	0bfcdbh		; 割り込みベクタ7
000000                   	; --- 内部RAMレジスタ別名定義 ---
000000                   	bx:		equ	0d4h		; BXレジスタアドレス
000000                   	bh:		equ	0d5h		; BHレジスタアドレス
000000                   	cx:		equ	0d6h		; CXレジスタアドレス
000000                   	ch:		equ	0d7h		; CHレジスタアドレス
000000                   	dx:		equ	0d8h		; DXレジスタアドレス
000000                   	dh:		equ	0d9h		; DHレジスタアドレス
000000                   	si:		equ	0dah		; SIレジスタアドレス
000000                   	di:		equ	0ddh		; DIレジスタアドレス
000000                   	; --- ポインタレジスタ ---
000000                   	abp:		equ	0ech		; ABPポインタ
000000                   	apx:		equ	0edh		; APXポインタ
000000                   	apy:		equ	0eeh		; APYポインタ
000000                   	; --- 割り込み制御レジスタ ---
000000                   	iisr:		equ	0ebh		; 割り込みサービスレジスタ
000000                   	imr:		equ	0fbh		; 割り込みマスクレジスタ
000000                   	isr:		equ	0fch		; 割り込みステータスレジスタ
000000                   	; --- ハードウェアレジスタ・BASIC作業領域 ---
000000                   	beep:		equ	0fdh		; ブザー制御レジスタ
000000                   	basic_work:	equ	0d1h		; BASIC作業領域ベースアドレス
000000                   	cr:		equ	00dh		; キャリッジリターン文字コード
000000                   	; --- パートデータ構造オフセット定義 ---
000000                   	part_c:		equ	0		; パートカウンタ (ゼロページ作業用)
000000                   	data_adr:	equ	0		; パートデータ現在アドレスオフセット
000000                   	data_s_adr:	equ	data_adr+3	; パートデータ先頭アドレスオフセット
000000                   	oct:		equ	data_s_adr+3	; オクターブ値オフセット
000000                   	onp:		equ	oct+1		; 音符コードオフセット
000000                   	l_count:	equ	onp+1		; 音長カウンタオフセット
000000                   	o_count:	equ	l_count+1	; 音程カウンタオフセット
000000                   	; --- MML解析用内部RAM定数 ---
000000                   	oct_flg:	equ	13h		; オクターブ一時変更フラグアドレス
000000                   	octerve_adr:	equ	30h		; オクターブデータポインタ格納アドレス
000000                   	length_adr:	equ	33h		; 音長データポインタ格納アドレス
000000                   	e_flg:		equ	18h		; 終了フラグアドレス
0BF000                   		org	0bf000h			; ロードアドレス: 0BF000h
0BF000                   	; ============================================================
0BF000                   	; install / remove - BASICコマンド組み込み・解除
0BF000                   	; ============================================================
0BF000                   	install:	local			; ローカルスコープ開始
0BF000 0C 26 F0 0B       		mv	x,basic_command		; コマンドテーブル先頭アドレス -> X
0BF004 30 BC 80 D1 90    		mv	[(!basic_work)+90h],x	; BASICコマンドテーブルポインタに登録
0BF009 0C 35 F0 0B       		mv	x,basic_code		; コマンドコードテーブルアドレス -> X
0BF00D 30 BC 80 D1 93    		mv	[(!basic_work)+93h],x	; BASICコードテーブルポインタに登録
0BF012 07                		retf				; ファー・リターン
0BF013 0C FF FF 0F       	remove:		mv	x,0fffffh	; 無効アドレス (コマンド解除用)
0BF017 30 BC 80 D1 90    		mv	[(!basic_work)+90h],x	; コマンドテーブルポインタをクリア
0BF01C 30 BC 80 D1 93    		mv	[(!basic_work)+93h],x	; コードテーブルポインタをクリア
0BF021 05 EF F1 0B       		callf	!init1			; 再生状態初期化
0BF025 07                		retf				; ファー・リターン
0BF026                   	; ============================================================
0BF026                   	; BASICコマンドテーブル定義
0BF026                   	; PLAY コマンドと EXOFF コマンドを登録する
0BF026                   	; ============================================================
0BF026 04                	basic_command:	db	04h		; 命令文字数 (4文字)
0BF027 50 4C 41 59       		dm	'PLAY'			; コマンド名文字列
0BF02B 1F                		db	1fh			; 中間コード
0BF02C 05                		db	5			; 次コマンド文字数 (5文字)
0BF02D 45 58 4F 46 46    		dm	'EXOFF'			; コマンド名文字列
0BF032 02                		db	2			; コード長
0BF033 00 00             		db	0,0			; ターミネータ
0BF035 1F                	basic_code:	db	1fh		; コードフラグ
0BF036 3F F0             		dw	!entry			; PLAYコマンド処理ルーチンアドレス
0BF038 8B                		db	8bh			; 属性バイト (bit6=1, bit7=1)
0BF039 02                		db	2			; コード長
0BF03A 13 F0             		dw	remove			; EXOFFコマンド処理ルーチンアドレス
0BF03C 8B                		db	8bh			; 属性バイト
0BF03D 00 00             		db	0,0			; ターミネータ
0BF03F                   		endl				; ローカルスコープ終了
0BF03F                   	; ============================================================
0BF03F                   	; entry - PLAYコマンドエントリポイント
0BF03F                   	; 割り込みを無効化し、MML解析・再生を実行して復元する
0BF03F                   	; ============================================================
0BF03F                   	entry:		local			; ローカルスコープ開始
0BF03F 2F                		pushu imr			; 割り込みマスクレジスタをスタックに保存
0BF040 30 CC FB A0       		mv	(!imr),0a0h		; 割り込みマスク設定 (タイマ以外を禁止)
0BF044 30 E8 36 EC       		mv	[--u],(!abp)		; ABPポインタをスタックに退避
0BF048 04 57 F0          		call	mml_conv		; MML文字列解析ルーチンを呼び出す
0BF04B 2C                		pushu	x			; Xレジスタを保存
0BF04C 05 0E F2 0B       		callf	!init2			; 再生初期化・メインループ呼び出し
0BF050 3C                		popu	x			; Xレジスタを復元
0BF051 30 E0 26 EC       		mv	(!abp),[u++]		; ABPポインタを復元
0BF055 3F                		popu imr			; 割り込みマスクレジスタを復元
0BF056 07                		retf				; ファー・リターン (BASICへ戻る)
0BF057                   	; ============================================================
0BF057                   	; mml_conv - MML文字列解析ルーチン
0BF057                   	; X: MML文字列ポインタ
0BF057                   	; MML文字列を解析し、各パートの演奏データバッファを構築する
0BF057                   	; ============================================================
0BF057 0D E3 F1 0B       	mml_conv:	mv	y,octerve	; デフォルトオクターブデータアドレス -> Y
0BF05B 30 A5 30          		mv	(!octerve_adr),y	; オクターブポインタを内部RAMに設定
0BF05E 0D E4 F1 0B       		mv	y,length		; デフォルト音長データアドレス -> Y
0BF062 30 A5 33          		mv	(!length_adr),y		; 音長ポインタを内部RAMに設定
0BF065 0D 29 F5 0B       		mv	y,!part1+!data_s_adr	; パート1データ先頭アドレス -> Y
0BF069 AD E9 F1 0B       		mv	[MML_data_adr],y	; MMLデータ書き込みアドレスを保存
0BF06D 0D E2 F1 0B       		mv	y,not_data		; 終端データアドレス -> Y
0BF071 AD 49 F5 0B       		mv	[!part3+!data_s_adr],y	; パート3データアドレスを終端に初期化
0BF075 AD 39 F5 0B       		mv	[!part2+!data_s_adr],y	; パート2データアドレスを終端に初期化
0BF079 0D 57 F5 0B       		mv	y,!data_buff		; データバッファアドレス -> Y
0BF07D AD 29 F5 0B       		mv	[!part1+!data_s_adr],y	; パート1データ書き込み先を設定
0BF081 30 CC 13 FF       		mv	(!oct_flg),0ffh		; オクターブフラグを初期値(未使用)に設定
0BF085 90 24             		mv	a,[x++]			; MML文字列の最初の1文字を読み込みXを進める
0BF087 60 0D             		cmp	a,!cr			; CR (文字列終端) か?
0BF089 18 92             		jrz	mml_conv_exit_c		; CRなら終了処理へ
0BF08B 60 22             		cmp	a,'"'			; ダブルクォート '"' か?
0BF08D 18 02             		jrz	mml_conv_lp		; ダブルクォートならスキップしてループへ
0BF08F 7C 04             		dec	x			; ダブルクォートでなければXを1戻す
0BF091                   	mml_conv_lp:
0BF091                   		; --- メイン解析ループ ---
0BF091 60 0D             		cmp	a,!cr			; CR か?
0BF093 18 88             		jrz	mml_conv_exit_c		; CRなら終了処理へ
0BF095 60 3A             		cmp	a,':'			; ':' か? (パート区切り)
0BF097 18 B1             		jrz	part_ch			; パート切り替え処理へ
0BF099 60 3E             		cmp	a,'>'			; '>' か? (オクターブUP)
0BF09B 14 C2 F1          		jpz	oct_up			; オクターブ+1処理へ
0BF09E 60 3C             		cmp	a,'<'			; '<' か? (オクターブDOWN)
0BF0A0 14 CD F1          		jpz	oct_dw			; オクターブ-1処理へ
0BF0A3 60 4F             		cmp	a,'O'			; 'O' か? (オクターブ指定)
0BF0A5 14 AB F1          		jpz	oct_ch			; オクターブ変更処理へ
0BF0A8 60 54             		cmp	a,'T'			; 'T' か? (テンポ指定)
0BF0AA 18 DA             		jrz	temp2_ch		; テンポ変更処理へ
0BF0AC 60 4C             		cmp	a,'L'			; 'L' か? (デフォルト音長指定)
0BF0AE 18 74             		jrz	len_ch			; 音長変更処理へ
0BF0B0 60 52             		cmp	a,'R'			; 'R' か? (休符)
0BF0B2 18 65             		jrz	kyuufu			; 休符処理へ
0BF0B4 60 2B             		cmp	a,'+'			; '+' か? (半音UP)
0BF0B6 14 BE F1          		jpz	oct_1up			; 一時オクターブ+1へ
0BF0B9 60 2D             		cmp	a,'-'			; '-' か? (半音DOWN)
0BF0BB 14 C9 F1          		jpz	oct_1dw			; 一時オクターブ-1へ
0BF0BE 60 49             		cmp	a,'I'			; 'I' か? (フォーマット指定)
0BF0C0 18 7A             		jrz	format_ch		; フォーマット変更処理へ
0BF0C2                   	; --- 音符データ設定 ---
0BF0C2                   	; A: 音名文字 (A-G または #A-#G)
0BF0C2 2D                	onp_set:	pushu	y		; Yレジスタを保存
0BF0C3 0D D4 F1 0B       		mv	y,mml_data1		; 標準音符テーブル先頭アドレス -> Y
0BF0C7 60 23             		cmp	a,'#'			; シャープ '#' か?
0BF0C9 18 06             		jrz	onp_skip		; シャープならonp_skipへ (Y変更不要)
0BF0CB 0D DB F1 0B       		mv	y,mml_data2		; シャープ音符テーブル先頭アドレス -> Y
0BF0CF 90 24             		mv	a,[x++]			; 次の文字 (音名) を読み込む
0BF0D1 48 41             	onp_skip:	sub	a,'A'		; 'A'からの相対インデックスを計算
0BF0D3 60 07             		cmp	a,7			; 0-6の範囲か? (A-G)
0BF0D5 1E 3F             		jrnc	onp_skip2		; 範囲外なら音符処理をスキップ
0BF0D7 45 50             		add	y,a			; テーブルアドレスに音名オフセットを加算
0BF0D9 90 05             		mv	a,[y]			; 音符コードを取得
0BF0DB FD 10             		mv	il,a			; ILレジスタに音符コードを設定
0BF0DD 3D                		popu	y			; Yレジスタを復元
0BF0DE 90 24             	onp_len:	mv	a,[x++]		; 次の文字 (音長数値) を読み込む
0BF0E0 48 30             		sub	a,'0'			; ASCII数字からバイナリ値に変換
0BF0E2 60 0A             		cmp	a,10			; 0-9の範囲か?
0BF0E4 1C 0F             		jrc	onp_len_sk2		; 数字なら音長設定へ
0BF0E6 48 25             		sub	a,'U'-'0'		; 拡張文字コード変換
0BF0E8 60 06             		cmp	a,6			; 範囲チェック
0BF0EA 1E 04             		jrnc	onp_len_sk		; 範囲外ならデフォルト音長を使用
0BF0EC 40 0A             		add	a,10			; 拡張音長値に変換 (10-15)
0BF0EE 12 05             		jr	onp_len_sk2		; 音長設定へ
0BF0F0 30 80 33          	onp_len_sk:	mv	a,(!length_adr)	; デフォルト音長ポインタ -> A
0BF0F3 7C 04             		dec	x			; Xポインタを1戻す (音長指定なし)
0BF0F5 28                	onp_len_sk2:	pushu	a		; A (音長値) をスタックに退避
0BF0F6 88 EC F1 0B       		mv	a,[format_data]		; フォーマットフラグを読み込む
0BF0FA 60 00             		cmp	a,0			; フォーマット=0 か?
0BF0FC 38                		popu	a			; Aを復元
0BF0FD 18 03             		jrz	onp_len_sk3		; フォーマット=0なら音長更新しない
0BF0FF 30 A0 33          		mv	(!length_adr),a		; デフォルト音長を更新
0BF102 46 01             	onp_len_sk3:	add	a,il		; 音長 + 音符コードを合成
0BF104 B0 25             		mv	[y++],a			; データバッファに書き込みYを進める
0BF106 30 61 13 10       		cmp	(!oct_flg),010h		; オクターブフラグが設定済み (>=10h) か?
0BF10A 02 91 F0          		jp	mml_conv_lp		; 設定済みならメインループへ
0BF10D 30 80 13          		mv	a,(!oct_flg)		; 一時オクターブフラグ値を取得
0BF110 30 CC 13 FF       		mv	(!oct_flg),0ffh		; フラグをリセット
0BF114 12 99             		jr	oct_ch_s		; オクターブ設定処理へ
0BF116 3D                	onp_skip2:	popu	y		; Yレジスタを復元
0BF117 13 88             		jr	mml_conv_lp		; メインループへ戻る
0BF119                   	; --- 休符処理 ---
0BF119 09 00             	kyuufu:		mv	il,0		; 音符コード=0 (休符)
0BF11B 13 3F             		jr	onp_len			; 音長処理へ
0BF11D                   	; --- MML解析終了処理 ---
0BF11D 7C 04             	mml_conv_exit_c:dec	x		; Xを1戻す (CRを指す位置に戻す)
0BF11F 08 FF             	mml_conv_exit:	mv	a,0ffh		; 終端マーカー 0FFh
0BF121 B0 25             		mv	[y++],a			; データバッファに終端マーカーを書き込む
0BF123 06                		ret				; リターン
0BF124                   	; --- デフォルト音長変更処理 ('L' コマンド) ---
0BF124 90 04             	len_ch:		mv	a,[x]		; 現在位置の文字を読み込む
0BF126 48 30             		sub	a,'0'			; ASCII -> バイナリ変換
0BF128 60 0A             		cmp	a,0ah			; 0-9の範囲か?
0BF12A 1C 09             		jrc	len_sk			; 数字なら音長設定へ
0BF12C 48 55             		sub	a,'U'			; 拡張文字変換
0BF12E 60 06             		cmp	a,6			; 範囲チェック
0BF130 02 91 F0          		jp	mml_conv_lp		; 範囲外ならスキップ
0BF133 40 0A             		add	a,10			; 拡張値変換
0BF135 30 A0 33          	len_sk:		mv	(!length_adr),a	; デフォルト音長を更新
0BF138 6C 04             		inc	x			; Xを次の文字へ進める
0BF13A 13 AB             		jr	mml_conv_lp		; メインループへ戻る
0BF13C                   	; --- フォーマット指定処理 ('I' コマンド) ---
0BF13C 90 04             	format_ch:	mv	a,[x]		; 現在位置の文字を読み込む
0BF13E 48 30             		sub	a,'0'			; ASCII -> バイナリ変換
0BF140 1C 04             		jrc	format_sk		; 数字でなければスキップ
0BF142 A8 EC F1 0B       		mv	[format_data],a		; フォーマットフラグを更新
0BF146 6C 04             	format_sk:	inc	x		; Xを次の文字へ進める
0BF148 13 B9             		jr	mml_conv_lp		; メインループへ戻る
0BF14A                   	; --- パート切り替え処理 (':' コマンド) ---
0BF14A                   	; 現在のパートデータを終端し、次のパートの書き込みアドレスを設定する
0BF14A 2C                	part_ch:	pushu	x		; Xレジスタを保存
0BF14B 08 FF             		mv	a,0ffh			; 終端マーカー
0BF14D B0 25             		mv	[y++],a			; 現在パートのデータバッファを終端
0BF14F 8C E9 F1 0B       		mv	x,[MML_data_adr]	; MMLデータアドレステーブルポインタを取得
0BF153 0A 10 00          		mv	ba,16			; 次パート構造体オフセット = 16
0BF156 45 42             		add	x,ba			; 次パートの構造体アドレスへ
0BF158 AC E9 F1 0B       		mv	[MML_data_adr],x	; MMLデータアドレスポインタを更新
0BF15C B5 04             		mv	[x],y			; 次パート構造体にデータ書き込み先アドレスを設定
0BF15E 30 84 30          		mv	x,(!octerve_adr)	; オクターブポインタを取得
0BF161 6C 04             		inc	x			; 次パートのオクターブ格納アドレスへ
0BF163 6C 04             		inc	x
0BF165 30 A4 30          		mv	(!octerve_adr),x	; オクターブポインタを更新
0BF168 30 84 33          		mv	x,(!length_adr)		; 音長ポインタを取得
0BF16B 6C 04             		inc	x			; 次パートの音長格納アドレスへ
0BF16D 6C 04             		inc	x
0BF16F 30 A4 33          		mv	(!length_adr),x		; 音長ポインタを更新
0BF172 3C                		popu	x			; Xレジスタを復元
0BF173 13 E4             		jr	mml_conv_lp		; メインループへ戻る
0BF175                   	; --- テンポ設定処理 (mml_conv内, 直接値指定) ---
0BF175 90 04             	temp_ch:	mv	a,[x]		; 現在位置の文字を読み込む
0BF177 48 30             		sub	a,30h			; ASCII -> バイナリ変換
0BF179 60 0A             		cmp	a,0ah			; 0-9の範囲か?
0BF17B 02 91 F0          		jp	mml_conv_lp		; 範囲外ならスキップ
0BF17E 40 D0             		add	a,0d0h			; テンポ内部コード変換
0BF180 B0 25             		mv	[y++],a			; データバッファにテンポコードを書き込む
0BF182 6C 04             		inc	x			; Xを次の文字へ
0BF184 13 F5             		jr	mml_conv_lp		; メインループへ戻る
0BF186                   	; --- テンポ設定処理 ('T' コマンド, 多桁数値対応) ---
0BF186 09 00             	temp2_ch:	mv	il,0		; テンポ累積値をクリア
0BF188 08 DF             		mv	a,0dfh			; テンポ制御コード 0DFh
0BF18A B0 25             		mv	[y++],a			; データバッファにコードを書き込む
0BF18C 90 04             	temp2_lp1:	mv	a,[x]		; 現在位置の文字を読み込む
0BF18E 48 30             		sub	a,30h			; ASCII -> バイナリ変換
0BF190 60 0A             		cmp	a,10			; 0-9の範囲か?
0BF192 1E 12             		jrnc	temp2_sk1		; 数字でなければ終了
0BF194 28                		pushu	a			; 数字値を保存
0BF195 FD 01             		mv	a,il			; 現在の累積値 -> A
0BF197 46 00             		add	a,a			; A * 2
0BF199 46 00             		add	a,a			; A * 4
0BF19B 46 10             		add	il,a			; IL = IL + A*4 (IL*5)
0BF19D 46 11             		add	il,il			; IL = IL * 2 (IL*10)
0BF19F 38                		popu	a			; 数字値を復元
0BF1A0 46 10             		add	il,a			; IL = IL * 10 + digit
0BF1A2 6C 04             		inc	x			; Xを次の文字へ
0BF1A4 13 1A             		jr	temp2_lp1		; 次の桁を処理
0BF1A6 B1 25             	temp2_sk1:	mv	[y++],il	; 最終テンポ値をデータバッファに書き込む
0BF1A8 02 91 F0          		jp	mml_conv_lp		; メインループへ戻る
0BF1AB                   	; --- オクターブ変更処理 ('O' コマンド) ---
0BF1AB 90 24             	oct_ch:		mv	a,[x++]		; オクターブ数値文字を読み込み、Xを進める
0BF1AD 48 30             		sub	a,30h			; ASCII -> バイナリ変換
0BF1AF 60 0A             	oct_ch_s:	cmp	a,10		; 0-9の範囲か?
0BF1B1 02 91 F0          		jp	mml_conv_lp		; 範囲外ならスキップ
0BF1B4 30 A0 30          		mv	(!octerve_adr),a	; オクターブ値を更新
0BF1B7 40 E0             		add	a,0e0h			; オクターブ制御コード変換 (0E0h-0E9h)
0BF1B9 B0 25             		mv	[y++],a			; データバッファにオクターブコードを書き込む
0BF1BB 02 91 F0          		jp	mml_conv_lp		; メインループへ戻る
0BF1BE                   	; --- オクターブ一時+1 ('+' コマンド) ---
0BF1BE 32 C8 13 30       	oct_1up:	mv	(!oct_flg),(!octerve_adr) ; 現在オクターブをフラグに退避
0BF1C2 30 80 30          	oct_up:		mv	a,(!octerve_adr); 現在オクターブ値を取得
0BF1C5 6C 00             		inc	a			; オクターブ+1
0BF1C7 13 1A             		jr	oct_ch_s		; オクターブ設定処理へ
0BF1C9                   	; --- オクターブ一時-1 ('-' コマンド) ---
0BF1C9 32 C8 13 30       	oct_1dw:	mv	(!oct_flg),(!octerve_adr) ; 現在オクターブをフラグに退避
0BF1CD 30 80 30          	oct_dw:		mv	a,(!octerve_adr); 現在オクターブ値を取得
0BF1D0 7C 00             		dec	a			; オクターブ-1
0BF1D2 13 25             		jr	oct_ch_s		; オクターブ設定処理へ
0BF1D4                   	; ============================================================
0BF1D4                   	; 音符コードテーブル
0BF1D4                   	; mml_data1: 標準音符 (C D E F G A B および休符)
0BF1D4                   	; mml_data2: シャープ音符 (#C #D #F #G #A)
0BF1D4                   	; ============================================================
0BF1D4 A0                	mml_data1:	db	0a0h		; A (ラ)
0BF1D5 C0                		db	0c0h		; B (シ)
0BF1D6 10                		db	010h		; C (ド)
0BF1D7 30                		db	030h		; D (レ)
0BF1D8 50                		db	050h		; E (ミ)
0BF1D9 60                		db	060h		; F (ファ)
0BF1DA 80                		db	080h		; G (ソ)
0BF1DB B0                	mml_data2:	db	0b0h		; #A (ラ#)
0BF1DC 10                		db	010h		; #B -> C相当
0BF1DD 20                		db	020h		; #C (ド#)
0BF1DE 40                		db	040h		; #D (レ#)
0BF1DF 50                		db	050h		; #E -> F相当
0BF1E0 70                		db	070h		; #F (ファ#)
0BF1E1 90                		db	090h		; #G (ソ#)
0BF1E2                   	; --- 終端データ / デフォルト初期値 ---
0BF1E2 FF                	not_data:	db	0ffh		; 終端マーカー (パート未使用時)
0BF1E3 03                	octerve:	db	3		; デフォルトオクターブ値 (パート1)
0BF1E4 05                	length:		db	5		; デフォルト音長値 (パート1)
0BF1E5 03                	octerve2:	db	3		; デフォルトオクターブ値 (パート2)
0BF1E6 05                	length2:	db	5		; デフォルト音長値 (パート2)
0BF1E7 03                	octerve3:	db	3		; デフォルトオクターブ値 (パート3)
0BF1E8 05                	length3:	db	5		; デフォルト音長値 (パート3)
0BF1E9 00 00 00          	MML_data_adr:	ds		3	; MMLデータ書き込みアドレスポインタ (3バイト)
0BF1EC 01                	format_data:	db	1		; フォーマットフラグ (1=音長デフォルト更新あり)
0BF1ED                   		endl				; ローカルスコープ終了
0BF1ED                   	; ============================================================
0BF1ED                   	; init1 - パート再生状態初期化 (カウンタリセット)
0BF1ED                   	; ============================================================
0BF1ED 12 1F             		jr	init2			; init2へジャンプ (init1の直前をスキップ)
0BF1EF 0D 00 00 00       	init1:		mv	y,0		; Y = 0
0BF1F3 AD 2F F5 0B       		mv	[part1+o_count],y	; パート1 音程カウンタをクリア
0BF1F7 AD 3F F5 0B       		mv	[part2+o_count],y	; パート2 音程カウンタをクリア
0BF1FB AD 4F F5 0B       		mv	[part3+o_count],y	; パート3 音程カウンタをクリア
0BF1FF 08 02             		mv	a,2			; オクターブ初期値 = 2
0BF201 A8 2C F5 0B       		mv	[part1+oct],a		; パート1 オクターブを初期化
0BF205 A8 3C F5 0B       		mv	[part2+oct],a		; パート2 オクターブを初期化
0BF209 A8 4C F5 0B       		mv	[part3+oct],a		; パート3 オクターブを初期化
0BF20D 07                		retf				; ファー・リターン
0BF20E                   	; ============================================================
0BF20E                   	; init2 - 再生データポインタ初期化
0BF20E                   	; 各パートのデータアドレスを先頭にリセットし、再生ループへ進む
0BF20E                   	; ============================================================
0BF20E 0B 00 00          	init2:		mv	i,0		; I = 0 (音符コードクリア)
0BF211 AB 2D F5 0B       		mv	[part1+onp],i		; パート1 音符コードをクリア
0BF215 AB 3D F5 0B       		mv	[part2+onp],i		; パート2 音符コードをクリア
0BF219 AB 4D F5 0B       		mv	[part3+onp],i		; パート3 音符コードをクリア
0BF21D 8D 29 F5 0B       		mv	y,[part1+data_s_adr]	; パート1 データ先頭アドレスを取得
0BF221 AD 26 F5 0B       		mv	[part1+data_adr],y	; パート1 現在データアドレスを先頭に設定
0BF225 8D 39 F5 0B       		mv	y,[part2+data_s_adr]	; パート2 データ先頭アドレスを取得
0BF229 AD 36 F5 0B       		mv	[part2+data_adr],y	; パート2 現在データアドレスを先頭に設定
0BF22D 8D 49 F5 0B       		mv	y,[part3+data_s_adr]	; パート3 データ先頭アドレスを取得
0BF231 AD 46 F5 0B       		mv	[part3+data_adr],y	; パート3 現在データアドレスを先頭に設定
0BF235                   	; ============================================================
0BF235                   	; main2 - メイン再生ループ
0BF235                   	; 各パートのMMLデータを読み出し、音符/音長を決定して
0BF235                   	; ブザー出力ルーチンへ渡す
0BF235                   	; ============================================================
0BF235 0C 26 F5 0B       	main2:		mv	x,part1		; パート1パラメータアドレス -> X
0BF239 04 5B F3          		call	mml			; パート1のMMLデータ処理
0BF23C 0C 36 F5 0B       		mv	x,part2			; パート2パラメータアドレス -> X
0BF240 04 5B F3          		call	mml			; パート2のMMLデータ処理
0BF243 0C 46 F5 0B       		mv	x,part3			; パート3パラメータアドレス -> X
0BF247 04 5B F3          		call	mml			; パート3のMMLデータ処理
0BF24A                   		; --- 3パートの最小音長を求める ---
0BF24A 08 00             		mv	a,0			; A = 0 (最小音長候補)
0BF24C 75                		mv	b,a			; B = 0
0BF24D 88 2E F5 0B       		mv	a,[part1+l_count]	; パート1の残り音長カウンタを取得
0BF251 30 D0 00 3E F5 0B 		mv	(part_c),[part2+l_count]; パート2の残り音長カウンタを取得
0BF257 30 61 00 00       		cmp	(part_c),0		; パート2が0 (終了済み) か?
0BF25B 18 08             		jrz	main2_skip1		; 0なら比較スキップ
0BF25D 30 63 00          		cmp	(part_c),a		; パート2 < パート1 か?
0BF260 1E 03             		jrnc	main2_skip1		; パート2>=パート1ならスキップ
0BF262 30 80 00          		mv	a,(part_c)		; パート2の値が小さい -> Aに採用
0BF265 30 D0 00 4E F5 0B 	main2_skip1:	mv	(part_c),[part3+l_count]; パート3の残り音長カウンタを取得
0BF26B 30 61 00 00       		cmp	(part_c),0		; パート3が0 (終了済み) か?
0BF26F 18 08             		jrz	main2_skip2		; 0なら比較スキップ
0BF271 30 63 00          		cmp	(part_c),a		; パート3 < 現在最小 か?
0BF274 1E 03             		jrnc	main2_skip2		; パート3>=現在最小ならスキップ
0BF276 30 80 00          		mv	a,(part_c)		; パート3の値が小さい -> Aに採用
0BF279 60 00             	main2_skip2:	cmp	a,0		; 最小音長 = 0 か? (全パート終了)
0BF27B 18 DD             		jrz	exit			; 0なら再生終了
0BF27D FD 10             		mv	il,a			; 最小音長をILに設定
0BF27F                   		; --- 各パートの残り音長から最小値を減算 ---
0BF27F 88 2E F5 0B       		mv	a,[part1+l_count]	; パート1残り音長を取得
0BF283 4E 01             		sub	a,il			; 最小音長を減算
0BF285 A8 2E F5 0B       		mv	[part1+l_count],a	; パート1残り音長を更新
0BF289 88 3E F5 0B       		mv	a,[part2+l_count]	; パート2残り音長を取得
0BF28D 4E 01             		sub	a,il			; 最小音長を減算
0BF28F A8 3E F5 0B       		mv	[part2+l_count],a	; パート2残り音長を更新
0BF293 88 4E F5 0B       		mv	a,[part3+l_count]	; パート3残り音長を取得
0BF297 4E 01             		sub	a,il			; 最小音長を減算
0BF299 A8 4E F5 0B       		mv	[part3+l_count],a	; パート3残り音長を更新
0BF29D                   		; --- ブザー出力用カウンタ計算 ---
0BF29D 44 33             		add	i,i			; I を左シフト (ビット演算の準備)
0BF29F 88 1B F5 0B       		mv	a,[temp]		; テンポ値を取得
0BF2A3 0C 00 00 00       		mv	x,0			; X = 0 (累積カウンタ)
0BF2A7 44 33             	main2_lp1:	add	i,i		; Iを左シフト (キャリー付き)
0BF2A9 9F                		rc				; キャリーなしなら次のビット処理へ (rcはreturnでなくreset carry相当の処理)
0BF2AA F4                		shr	a			; テンポビットを右シフト
0BF2AB 1E 02             		jrnc	main2_skip		; テンポビット=0ならスキップ
0BF2AD 45 43             		add	x,i			; テンポビット=1ならXに加算
0BF2AF 60 00             	main2_skip:	cmp	a,0		; テンポ値処理完了か?
0BF2B1 19 0C             		jrz	main2_lp1		; 未完了なら次ビットへ
0BF2B3 AC 1C F5 0B       		mv	[count],x		; 計算したカウンタ値を保存
0BF2B7                   		; --- アクティブなパート数に応じてブザー出力ルーチンを選択 ---
0BF2B7 30 CC 00 00       		mv	(part_c),0		; アクティブパートカウンタをクリア
0BF2BB 0D 1F F5 0B       		mv	y,count1		; 音程カウンタ格納先 -> Y
0BF2BF 88 2D F5 0B       		mv	a,[part1+onp]		; パート1音符コードを取得
0BF2C3 6C 00             		inc	a			; 0FFhチェック用インクリメント (+1すると0になる)
0BF2C5 18 0D             		jrz	p1_skip			; 0FFh (終端/無効) ならスキップ
0BF2C7 7C 00             		dec	a			; 値を元に戻す
0BF2C9 18 09             		jrz	p1_skip			; 0 (休符/無音) ならスキップ
0BF2CB 8A 2F F5 0B       		mv	ba,[part1+o_count]	; パート1音程カウンタを取得
0BF2CF B2 25             		mv	[y++],ba		; count1に音程カウンタを格納しYを進める
0BF2D1 30 6D 00          		inc	(part_c)		; アクティブパート数+1
0BF2D4 88 3D F5 0B       	p1_skip:	mv	a,[part2+onp]	; パート2音符コードを取得
0BF2D8 6C 00             		inc	a			; 0FFhチェック用インクリメント
0BF2DA 18 0D             		jrz	p2_skip			; 0FFhならスキップ
0BF2DC 7C 00             		dec	a			; 値を元に戻す
0BF2DE 18 09             		jrz	p2_skip			; 0ならスキップ
0BF2E0 8A 3F F5 0B       		mv	ba,[part2+o_count]	; パート2音程カウンタを取得
0BF2E4 B2 25             		mv	[y++],ba		; count2に音程カウンタを格納しYを進める
0BF2E6 30 6D 00          		inc	(part_c)		; アクティブパート数+1
0BF2E9 88 4D F5 0B       	p2_skip:	mv	a,[part3+onp]	; パート3音符コードを取得
0BF2ED 6C 00             		inc	a			; 0FFhチェック用インクリメント
0BF2EF 18 0D             		jrz	p3_skip			; 0FFhならスキップ
0BF2F1 7C 00             		dec	a			; 値を元に戻す
0BF2F3 18 09             		jrz	p3_skip			; 0ならスキップ
0BF2F5 8A 4F F5 0B       		mv	ba,[part3+o_count]	; パート3音程カウンタを取得
0BF2F9 B2 25             		mv	[y++],ba		; count3に音程カウンタを格納しYを進める
0BF2FB 30 6D 00          		inc	(part_c)		; アクティブパート数+1
0BF2FE 8C 1C F5 0B       	p3_skip:	mv	x,[count]	; 発声音長カウンタを取得
0BF302 8A 1F F5 0B       		mv	ba,[count1]		; count1 (パート1音程カウンタ) を取得
0BF306 FD 32             		mv	i,ba			; I = count1 (パート2用の初期値候補)
0BF308 FD 53             		mv	y,i			; Y = I (パート3用の初期値候補)
0BF30A                   		; --- 各パートの音程カウンタ値をbeep_out3ルーチン内の即値にパッチ ---
0BF30A AA 05 F4 0B       		mv	[!beep_out3!part1_co1+1],ba	; パート1音程リロード値を設定
0BF30E AB 50 F4 0B       		mv	[!beep_out3!part2_co2+1],i	; パート2音程リロード値(2)を設定
0BF312 AB 10 F4 0B       		mv	[!beep_out3!part2_co1+1],i	; パート2音程リロード値(1)を設定
0BF316 AD 17 F4 0B       		mv	[!beep_out3!part3_co1+1],y	; パート3音程リロード値(1)を設定
0BF31A AD 38 F4 0B       		mv	[!beep_out3!part3_co2+1],y	; パート3音程リロード値(2)を設定
0BF31E AD 57 F4 0B       		mv	[!beep_out3!part3_co3+1],y	; パート3音程リロード値(3)を設定
0BF322 AD 6B F4 0B       		mv	[!beep_out3!part3_co4+1],y	; パート3音程リロード値(4)を設定
0BF326 30 7D 00          		dec	(part_c)		; アクティブパート数-1
0BF329 14 E4 F3          		jpz	beep_out3		; 0以上 (1パート以上) ならbeep_out3へ
0BF32C 8B 21 F5 0B       		mv	i,[count2]		; count2 (パート2の実際の音程カウンタ) を取得
0BF330                   		; --- 2パート以上アクティブ: パート2の音程カウンタを更新 ---
0BF330 AB 50 F4 0B       		mv	[!beep_out3!part2_co2+1],i	; パート2音程リロード値(2)を再設定
0BF334 AB 10 F4 0B       		mv	[!beep_out3!part2_co1+1],i	; パート2音程リロード値(1)を再設定
0BF338 7C 03             		dec	i			; I -= 1 (タイミング調整)
0BF33A 7C 03             		dec	i			; I -= 1
0BF33C 7C 03             		dec	i			; I -= 1
0BF33E 30 7D 00          		dec	(part_c)		; アクティブパート数-1
0BF341 14 E4 F3          		jpz	beep_out3		; 残り0以上ならbeep_out3へ
0BF344 8A 23 F5 0B       		mv	ba,[count3]		; count3 (パート3の実際の音程カウンタ) を取得
0BF348                   		; --- 3パートアクティブ: パート1の音程カウンタを更新 ---
0BF348 AA 05 F4 0B       		mv	[!beep_out3!part1_co1+1],ba	; パート1音程リロード値を再設定
0BF34C 7C 02             		dec	ba			; BA -= 1 (タイミング調整)
0BF34E 7C 02             		dec	ba			; BA -= 1
0BF350 7C 02             		dec	ba			; BA -= 1
0BF352 30 7D 00          		dec	(part_c)		; アクティブパート数-1
0BF355 14 E4 F3          		jpz	beep_out3		; beep_out3へ
0BF358                   		; --- 0パート (全休符または全終了): 無音出力ルーチンへ ---
0BF358 12 75             		jr	beep_out0		; 無音ブザー出力ルーチンへ
0BF35A 07                	exit:		retf			; 再生完了、ファー・リターン (BASICへ戻る)
0BF35B                   	; ============================================================
0BF35B                   	; mml - MMLデータ読み出しルーチン
0BF35B                   	; X: パートパラメータアドレス
0BF35B                   	; 戻り値: CY=1 データ終端, CY=0 I=音程カウンタ
0BF35B                   	; ============================================================
0BF35B 2D                	mml:		pushu	y		; Yレジスタを保存
0BF35C 90 84 07          		mv	a,[x+onp]		; パートの音符コードを読み込む
0BF35F 60 FF             		cmp	a,0ffh			; 0FFh (データ終端) か?
0BF361 18 26             		jrz	mml_exit		; 終端なら終了処理へ
0BF363 90 84 08          		mv	a,[x+l_count]		; 音長カウンタを読み込む
0BF366 60 00             		cmp	a,0			; 音長カウンタ=0 か?
0BF368 1A 2A             		jrnz	skip_exit		; 0でなければ (まだ発音中) skip_exitへ
0BF36A 95 04             		mv	y,[x]			; データアドレスポインタを取得
0BF36C 90 25             	mml_loop:	mv	a,[y++]		; データバイトを読み込みYを進める
0BF36E 60 FF             		cmp	a,0ffh			; 0FFh (データ終端) か?
0BF370 18 17             		jrz	mml_exit		; 終端なら終了処理へ
0BF372 60 DF             		cmp	a,0dfh			; 0DFh (テンポコード) か?
0BF374 18 0B             		jrz	temp_ch			; テンポ処理へ
0BF376 60 E0             		cmp	a,0e0h			; 0E0h以上か? (0E0h-0E9h: オクターブコード)
0BF378 1C 20             		jrc	mml_onp			; 0E0h未満なら音符データ処理へ
0BF37A                   		; --- オクターブ設定コード処理 (0E0h-0E9h) ---
0BF37A 70 0F             	oct_ch:		and	a,0fh		; 下位4ビットを取得 (オクターブ値)
0BF37C B0 84 06          		mv	[x+oct],a		; パートのオクターブ値を更新
0BF37F 13 15             		jr	mml_loop		; データ読み込みループへ戻る
0BF381                   		; --- テンポ設定コード処理 (0DFh) ---
0BF381 90 25             	temp_ch:	mv	a,[y++]		; テンポ値バイトを読み込みYを進める
0BF383 A8 1B F5 0B       		mv	[temp],a		; テンポ変数を更新
0BF387 13 1D             		jr	mml_loop		; データ読み込みループへ戻る
0BF389                   		; --- データ終端処理 ---
0BF389 B0 84 07          	mml_exit:	mv	[x+onp],a	; 音符コードに終端値(0FFh)を記録
0BF38C 08 00             		mv	a,0			; A = 0
0BF38E B0 84 08          		mv	[x+l_count],a		; 音長カウンタをクリア
0BF391 3D                		popu	y			; Yレジスタを復元
0BF392 97                		sc				; キャリーセット (データ終端を示す)
0BF393 06                		ret				; リターン
0BF394                   		; --- 発音継続: 現在の音程カウンタを返す ---
0BF394 93 84 09          	skip_exit:	mv	i,[x+o_count]	; 音程カウンタをIに読み込む
0BF397 3D                		popu	y			; Yレジスタを復元
0BF398 9F                		rc				; キャリークリア (発音継続を示す)
0BF399 06                		ret				; リターン
0BF39A                   		; --- 音符データ処理 ---
0BF39A                   		; 音符コードから音程カウンタ・音長カウンタを計算し設定する
0BF39A B5 04             	mml_onp:	mv	[x],y		; データアドレスポインタを更新 (3バイト)
0BF39C 28                		pushu	a			; 音符コードを保存
0BF39D 70 F0             		and	a,0f0h			; 上位4ビット (音名インデックス) を取得
0BF39F E4                		ror	a			; 右ローテート1回目
0BF3A0 E4                		ror	a			; 右ローテート2回目 -> インデックス/4相当
0BF3A1 FD 10             		mv	il,a			; IL = インデックス/4
0BF3A3 E4                		ror	a			; 右ローテート3回目
0BF3A4 E4                		ror	a			; 右ローテート4回目 -> インデックス/16相当
0BF3A5 B0 84 07          		mv	[x+onp],a		; 音符コード (圧縮) をパラメータに保存
0BF3A8 46 01             		add	a,il			; a = インデックス/4 + インデックス/16
0BF3AA 46 00             		add	a,a			; a = (インデックス/4 + インデックス/16) * 2
0BF3AC 0D 89 F4 0B       		mv	y,mml_data		; 音程データテーブル先頭アドレス -> Y
0BF3B0 45 50             		add	y,a			; 音名に対応するテーブルエントリへ
0BF3B2 90 84 06          		mv	a,[x+oct]		; パートのオクターブ値を取得
0BF3B5 46 00             		add	a,a			; オクターブ * 2 (2バイト/エントリのオフセット)
0BF3B7 45 50             		add	y,a			; オクターブに対応するテーブルアドレスへ
0BF3B9 93 05             		mv	i,[y]			; 音程カウンタ値を読み込む
0BF3BB B3 84 09          		mv	[x+o_count],i		; 音程カウンタをパラメータに設定
0BF3BE 38                		popu	a			; 音符コードを復元
0BF3BF 70 0F             		and	a,0fh			; 下位4ビット (音長インデックス) を取得
0BF3C1 0D 0B F5 0B       		mv	y,length_data		; 音長データテーブル先頭アドレス -> Y
0BF3C5 45 50             		add	y,a			; 音長インデックスに対応するエントリへ
0BF3C7 90 05             		mv	a,[y]			; 音長値を読み込む
0BF3C9 B0 84 08          		mv	[x+l_count],a		; 音長カウンタをパラメータに設定
0BF3CC 3D                		popu	y			; Yレジスタを復元
0BF3CD 9F                		rc				; キャリークリア (音符設定完了)
0BF3CE 06                		ret				; リターン
0BF3CF                   	; ============================================================
0BF3CF                   	; beep_out0 - 無音ブザー出力ルーチン
0BF3CF                   	; 音が鳴っていない区間のタイミングを生成する
0BF3CF                   	; 1ループ = 約78ステート (48.1μs)
0BF3CF                   	; X: 発声音長カウンタ
0BF3CF                   	; ============================================================
0BF3CF                   	beep_out0:	local			; ローカルスコープ開始
0BF3CF 0B 04 00          	loop:		mv	i,4		; 内部ループカウンタ = 4
0BF3D2 7C 03             	loop1:		dec	i		; カウンタ-1 (6ステート)
0BF3D4 1B 04             		jrnz	loop1			; ゼロでなければ繰り返し (4または6ステート)
0BF3D6 30 CC FD 02       		mv	(!beep),2h		; ブザーOFF (8ステート)
0BF3DA 00                		nop				; 2ステート (タイミング調整)
0BF3DB 00                		nop				; 2ステート (タイミング調整)
0BF3DC 00                		nop				; 2ステート (タイミング調整)
0BF3DD 7C 04             	b_ent:		dec	x		; 発声音長カウンタ-1 (6ステート)
0BF3DF 1B 12             		jrnz	loop			; ゼロでなければループ継続 (4または6ステート)
0BF3E1 02 35 F2          		jp	!main2			; メイン再生ループへ戻る
0BF3E4                   		endl				; ローカルスコープ終了
0BF3E4                   	; ============================================================
0BF3E4                   	; beep_out3 - 3声ブザー出力ルーチン
0BF3E4                   	; 3パートの音程カウンタを管理しブザーをトグルすることで
0BF3E4                   	; 3声の擬似和音を生成する
0BF3E4                   	; ba: パート1音程カウンタ
0BF3E4                   	; i:  パート2音程カウンタ
0BF3E4                   	; y:  パート3音程カウンタ
0BF3E4                   	; x:  発声音長カウンタ
0BF3E4                   	; ============================================================
0BF3E4                   	beep_out3:	local			; ローカルスコープ開始
0BF3E4                   		; --- 各パートの音程リロード値を即値領域に書き込む ---
0BF3E4 AA 05 F4 0B       		mv	[part1_co1+1],ba	; パート1リロード値を設定
0BF3E8 AB 10 F4 0B       		mv	[part2_co1+1],i		; パート2リロード値(1)を設定
0BF3EC AB 50 F4 0B       		mv	[part2_co2+1],i		; パート2リロード値(2)を設定
0BF3F0 AD 17 F4 0B       		mv	[part3_co1+1],y		; パート3リロード値(1)を設定
0BF3F4 AD 38 F4 0B       		mv	[part3_co2+1],y		; パート3リロード値(2)を設定
0BF3F8 AD 57 F4 0B       		mv	[part3_co3+1],y		; パート3リロード値(3)を設定
0BF3FC AD 6B F4 0B       		mv	[part3_co4+1],y		; パート3リロード値(4)を設定
0BF400                   		; --- メインブザーループ ---
0BF400 7C 02             	loop:		dec	ba		; パート1カウンタ-1 (6ステート)
0BF402 1A 41             		jrnz	skip1			; ゼロでなければskip1へ (4または6ステート)
0BF404 0A 00 00          	part1_co1:	mv	ba,0		; パート1カウンタリロード (即値領域) (6ステート)
0BF407 30 CC FD 02       		mv	(!beep),2h		; ブザーOFF (パート1反転) (8ステート)
0BF40B 7C 03             		dec	i			; パート2カウンタ-1 (6ステート)
0BF40D 1A 22             		jrnz	skip2			; ゼロでなければskip2へ (4または6ステート)
0BF40F 0B 00 00          	part2_co1:	mv	i,0		; パート2カウンタリロード (即値領域) (6ステート)
0BF412 7C 05             		dec	y			; パート3カウンタ-1 (6ステート)
0BF414 1A 0E             		jrnz	skip3			; ゼロでなければskip3へ (4または6ステート)
0BF416 0D 00 00 00       	part3_co1:	mv	y,0		; パート3カウンタリロード (即値領域) (8ステート)
0BF41A 30 CC FD 12       		mv	(!beep),12h		; ブザーON (パート1+3同時反転) (8ステート)
0BF41E 7C 04             		dec	x			; 発声音長カウンタ-1 (6ステート)
0BF420 1B 22             		jrnz	loop			; ゼロでなければループ継続 (4または6ステート)
0BF422 12 5E             		jr	exit			; 終了処理へ
0BF424                   		; --- パート3のみカウントゼロ (パート2は継続) ---
0BF424 00                	skip3:		nop			; 2ステート (タイミング調整)
0BF425 00                		nop				; 2ステート (タイミング調整)
0BF426 00                		nop				; 2ステート (タイミング調整)
0BF427 30 CC FD 12       		mv	(!beep),12h		; ブザーON (8ステート)
0BF42B 7C 04             		dec	x			; 発声音長カウンタ-1 (6ステート)
0BF42D 1B 2F             		jrnz	loop			; ゼロでなければループ継続 (4または6ステート)
0BF42F 12 51             		jr	exit			; 終了処理へ
0BF431                   		; --- パート2カウントゼロ ---
0BF431 00                	skip2:		nop			; 4ステート (タイミング調整)
0BF432 00                		nop				; 2ステート (タイミング調整)
0BF433 7C 05             		dec	y			; パート3カウンタ-1 (6ステート)
0BF435 1B 13             		jrnz	skip3			; ゼロでなければskip3へ (4または6ステート)
0BF437 0D 00 00 00       	part3_co2:	mv	y,0		; パート3カウンタリロード (即値領域) (8ステート)
0BF43B 30 CC FD 12       		mv	(!beep),12h		; ブザーON (パート2+3同時反転) (8ステート)
0BF43F 7C 04             		dec	x			; 発声音長カウンタ-1 (6ステート)
0BF441 1B 43             		jrnz	loop			; ゼロでなければループ継続 (4または6ステート)
0BF443 12 3D             		jr	exit			; 終了処理へ
0BF445                   		; --- パート1がゼロではない場合 ---
0BF445 00                	skip1:		nop			; 2ステート (タイミング調整)
0BF446 00                		nop				; 2ステート (タイミング調整)
0BF447 30 CC FD 02       		mv	(!beep),2h		; ブザーOFF (パート1は継続中) (8ステート)
0BF44B 7C 03             		dec	i			; パート2カウンタ-1 (6ステート)
0BF44D 1A 15             		jrnz	skip12			; ゼロでなければskip12へ (4または6ステート)
0BF44F 0B 00 00          	part2_co2:	mv	i,0		; パート2カウンタリロード (即値領域) (6ステート)
0BF452 7C 05             		dec	y			; パート3カウンタ-1 (6ステート)
0BF454 1B 32             		jrnz	skip3			; ゼロでなければskip3へ (4または6ステート)
0BF456 0D 00 00 00       	part3_co3:	mv	y,0		; パート3カウンタリロード (即値領域) (8ステート)
0BF45A 30 CC FD 12       		mv	(!beep),12h		; ブザーON (パート2+3反転) (8ステート)
0BF45E 7C 04             		dec	x			; 発声音長カウンタ-1 (6ステート)
0BF460 1B 62             		jrnz	loop			; ゼロでなければループ継続 (4または6ステート)
0BF462 12 1E             		jr	exit			; 終了処理へ
0BF464                   		; --- パート2のみカウントゼロ (パート1継続, パート3継続) ---
0BF464 00                	skip12:		nop			; 2ステート (タイミング調整)
0BF465 00                		nop				; 2ステート (タイミング調整)
0BF466 7C 05             		dec	y			; パート3カウンタ-1 (6ステート)
0BF468 1A 0E             		jrnz	skip13			; ゼロでなければskip13へ (4または6ステート)
0BF46A 0D 00 00 00       	part3_co4:	mv	y,0		; パート3カウンタリロード (即値領域) (8ステート)
0BF46E 30 CC FD 12       		mv	(!beep),12h		; ブザーON (パート3反転) (8ステート)
0BF472 7C 04             		dec	x			; 発声音長カウンタ-1 (6ステート)
0BF474 1B 76             		jrnz	loop			; ゼロでなければループ継続 (4または6ステート)
0BF476 12 0A             		jr	exit			; 終了処理へ
0BF478                   		; --- 全パート継続中 (パート1,2,3いずれもゼロではない) ---
0BF478 00                	skip13:		nop			; 2ステート (タイミング調整)
0BF479 00                		nop				; 2ステート (タイミング調整)
0BF47A 00                		nop				; 2ステート (タイミング調整)
0BF47B 00                		nop				; 2ステート (タイミング調整)
0BF47C 00                		nop				; 2ステート (タイミング調整)
0BF47D 00                		nop				; 2ステート (タイミング調整)
0BF47E 7C 04             		dec	x			; 発声音長カウンタ-1 (6ステート)
0BF480 1B 82             		jrnz	loop			; ゼロでなければループ継続 (4または6ステート)
0BF482 30 CC FD 02       	exit:		mv	(!beep),2h	; ブザーOFF (音長終了)
0BF486 02 35 F2          		jp	!main2			; メイン再生ループへ戻る
0BF489                   		endl				; ローカルスコープ終了
0BF489                   	; ============================================================
0BF489                   	; mml_data - 音程カウンタ値テーブル
0BF489                   	; 各音名 x オクターブ(0-4) の音程カウンタ値 (2バイト/エントリ)
0BF489                   	; 音名: R C #C D #D E F #F G #G A #A B (13音 + 休符)
0BF489                   	; オクターブ: 0(最低) - 4(最高)
0BF489                   	; ============================================================
0BF489                   	mml_data:	
0BF489 00 00 00 00 00 00 		dw	000h,000h,000h,000h	; R (休符) オクターブ0-3
0BF48F 00 00             	
0BF491 00 00             		dw	000h			; R オクターブ4
0BF493 2E 01 97 00 4C 00 		dw	12eh,097h,04ch,026h	; C  オクターブ0-3
0BF499 26 00             	
0BF49B 13 00             		dw	013h			; C  オクターブ4
0BF49D 1D 01 8F 00 48 00 		dw	11dh,08fh,048h,024h	; #C オクターブ0-3
0BF4A3 24 00             	
0BF4A5 12 00             		dw	012h			; #C オクターブ4
0BF4A7 0D 01 87 00 44 00 		dw	10dh,087h,044h,022h	; D  オクターブ0-3
0BF4AD 22 00             	
0BF4AF 11 00             		dw	011h			; D  オクターブ4
0BF4B1 FE 00 7F 00 40 00 		dw	0feh,07fh,040h,020h	; #D オクターブ0-3
0BF4B7 20 00             	
0BF4B9 10 00             		dw	010h			; #D オクターブ4
0BF4BB F0 00 78 00 3C 00 		dw	0f0h,078h,03ch,01eh	; E  オクターブ0-3
0BF4C1 1E 00             	
0BF4C3 0F 00             		dw	00fh			; E  オクターブ4
0BF4C5 E2 00 71 00 39 00 		dw	0e2h,071h,039h,01dh	; F  オクターブ0-3
0BF4CB 1D 00             	
0BF4CD 0F 00             		dw	00fh			; F  オクターブ4
0BF4CF D6 00 6B 00 36 00 		dw	0d6h,06bh,036h,01bh	; #F オクターブ0-3
0BF4D5 1B 00             	
0BF4D7 0E 00             		dw	00eh			; #F オクターブ4
0BF4D9 CA 00 65 00 33 00 		dw	0cah,065h,033h,01ah	; G  オクターブ0-3
0BF4DF 1A 00             	
0BF4E1 0D 00             		dw	00dh			; G  オクターブ4
0BF4E3 BE 00 5F 00 30 00 		dw	0beh,05fh,030h,018h	; #G オクターブ0-3
0BF4E9 18 00             	
0BF4EB 0C 00             		dw	00ch			; #G オクターブ4
0BF4ED B4 00 5A 00 2D 00 		dw	0b4h,05ah,02dh,017h	; A  オクターブ0-3
0BF4F3 17 00             	
0BF4F5 0C 00             		dw	00ch			; A  オクターブ4
0BF4F7 AA 00 55 00 2B 00 		dw	0aah,055h,02bh,016h	; #A オクターブ0-3
0BF4FD 16 00             	
0BF4FF 0B 00             		dw	00bh			; #A オクターブ4
0BF501 A0 00 50 00 28 00 		dw	0a0h,050h,028h,014h	; B  オクターブ0-3
0BF507 14 00             	
0BF509 0A 00             		dw	00ah			; B  オクターブ4
0BF50B                   	; ============================================================
0BF50B                   	; length_data - 音長カウンタ値テーブル
0BF50B                   	; 音長インデックス0-15に対応する音長カウンタ値
0BF50B                   	; ============================================================
0BF50B 03 06 09 0C 12    	length_data:	db	003h,006h,009h,00ch,012h ; 音長 1/32 1/16 1/12 1/8 1/6
0BF510 18 24 30 48       		db	018h,024h,030h,048h	; 音長 1/4  1/3  1/2  1/1
0BF514 60                		db	060h			; 音長 付点二分音符
0BF515 02 04 06 10       		db	002h,004h,006h,010h	; 拡張音長
0BF519 20 01             		db	020h,001h		; 拡張音長
0BF51B                   	; --- 作業変数領域 ---
0BF51B 01                	temp:		db	1		; テンポ値 (初期値=1)
0BF51C 00 00 00          	count:		dp	0		; 発声音長カウンタ (3バイトポインタ)
0BF51F 00 00             	count1:		db	0,0		; パート1音程カウンタ格納域
0BF521 00 00             	count2:		db	0,0		; パート2音程カウンタ格納域
0BF523 00 00 00          	count3:		db	0,0,0		; パート3音程カウンタ格納域
0BF526                   	; --- パートパラメータ領域 ---
0BF526 00 00 00 00 00 00 	part1:		ds	16		; パート1パラメータ構造体 (16バイト)
0BF52C 00 00 00 00 00 00 	
0BF532 00 00 00 00       	
0BF536 00 00 00 00 00 00 	part2:		ds	16		; パート2パラメータ構造体 (16バイト)
0BF53C 00 00 00 00 00 00 	
0BF542 00 00 00 00       	
0BF546 00 00 00 00 00 00 	part3:		ds	16		; パート3パラメータ構造体 (16バイト)
0BF54C 00 00 00 00 00 00 	
0BF552 00 00 00 00       	
0BF556 00                	r_flg:		ds	1		; 予約フラグ
0BF557 00                	data_buff:	ds	1		; MMLデータバッファ (1バイト, 1パート時使用)
0BF558                   		end

  No fatal error.  Code: 0BF000h - 0BF557h [     1368 byte(s)]
